app/build/outputs/logs/manifest-merger-debug-report.txt
-- Merging decision tree log ---
manifest
ADDED from AndroidManifest.xml:2:1
	package
		ADDED from AndroidManifest.xml:2:70
		INJECTED from AndroidManifest.xml:0:0
		INJECTED from AndroidManifest.xml:0:0
	xmlns:android
		ADDED from AndroidManifest.xml:2:11
application
ADDED from AndroidManifest.xml:3:5
	android:icon
		ADDED from AndroidManifest.xml:3:18
activity#com.android.demo.UDBuildings.UDBuilding
ADDED from AndroidManifest.xml:4:9
	android:label
		ADDED from AndroidManifest.xml:4:46
	android:name
		ADDED from AndroidManifest.xml:4:19
intent-filter#android.intent.action.MAIN+android.intent.category.LAUNCHER
ADDED from AndroidManifest.xml:5:13
action#android.intent.action.MAIN
ADDED from AndroidManifest.xml:6:17
	android:name
		ADDED from AndroidManifest.xml:6:25
category#android.intent.category.LAUNCHER
ADDED from AndroidManifest.xml:7:17
	android:name
		ADDED from AndroidManifest.xml:7:27
activity#com.android.demo.UDBuildings.DataEdit
ADDED from AndroidManifest.xml:10:9
	android:name
		ADDED from AndroidManifest.xml:10:19